<?xml version="1.0" encoding="UTF-8"?>
<!-- Generated by org.testng.reporters.JUnitReportReporter -->
<testsuite hostname="Salmans-MacBook-Pro.local" failures="0" tests="1" name="docker.ChromeTest3" time="6.321" errors="0" timestamp="2024-05-14T02:36:50 AEST" skipped="0">
  <testcase classname="docker.ChromeTest3" name="test3" time="6.321"/>
</testsuite> <!-- docker.ChromeTest3 -->
