<?xml version="1.0" encoding="UTF-8"?>
<!-- Generated by org.testng.reporters.JUnitReportReporter -->
<testsuite hostname="Salmans-MacBook-Pro.local" failures="0" tests="1" name="docker.ChromeTest2" time="9.500" errors="0" timestamp="2024-06-28T17:35:49 AEST" skipped="0">
  <testcase classname="docker.ChromeTest2" name="test2" time="9.500"/>
</testsuite> <!-- docker.ChromeTest2 -->
