<?xml version="1.0" encoding="UTF-8"?>
<!-- Generated by org.testng.reporters.JUnitReportReporter -->
<testsuite hostname="Salmans-MacBook-Pro.local" failures="0" tests="1" name="docker.Setup_DockerGrid" time="0.005" errors="0" timestamp="2024-06-28T17:35:49 AEST" skipped="0">
  <testcase classname="docker.Setup_DockerGrid" name="start" time="0.005"/>
</testsuite> <!-- docker.Setup_DockerGrid -->
