<?xml version="1.0" encoding="UTF-8"?>
<!-- Generated by org.testng.reporters.JUnitReportReporter -->
<testsuite hostname="Salmans-MacBook-Pro.local" failures="0" tests="1" name="docker.ChromeTest3" time="8.782" errors="0" timestamp="2024-06-28T17:35:49 AEST" skipped="0">
  <testcase classname="docker.ChromeTest3" name="test3" time="8.782"/>
</testsuite> <!-- docker.ChromeTest3 -->
