<?xml version="1.0" encoding="UTF-8"?>
<!-- Generated by org.testng.reporters.JUnitReportReporter -->
<testsuite hostname="Salmans-MacBook-Pro.local" failures="0" tests="1" name="docker.ChromeTest1" time="10.401" errors="0" timestamp="2024-06-28T17:35:49 AEST" skipped="0">
  <testcase classname="docker.ChromeTest1" name="test1" time="10.401"/>
</testsuite> <!-- docker.ChromeTest1 -->
