<?xml version="1.0" encoding="UTF-8"?>
<!-- Generated by org.testng.reporters.JUnitReportReporter -->
<testsuite hostname="Salmans-MacBook-Pro.local" failures="0" tests="1" name="docker.Setup_DockerGrid" time="0.009" errors="0" timestamp="2024-05-28T01:22:55 AEST" skipped="0">
  <testcase classname="docker.Setup_DockerGrid" name="start" time="0.009"/>
</testsuite> <!-- docker.Setup_DockerGrid -->
