<?xml version="1.0" encoding="UTF-8"?>
<!-- Generated by org.testng.reporters.JUnitReportReporter -->
<testsuite hostname="Salmans-MacBook-Pro.local" failures="0" tests="1" name="docker.ChromeTest1" time="9.494" errors="0" timestamp="2024-05-14T02:36:50 AEST" skipped="0">
  <testcase classname="docker.ChromeTest1" name="test1" time="9.494"/>
</testsuite> <!-- docker.ChromeTest1 -->
